0 info it worked if it ends with ok
1 verbose cli [ 'E:\\soft\\nodejs\\node.exe',
1 verbose cli   'E:\\soft\\nodejs\\node_modules\\npm\\bin\\npm-cli.js',
1 verbose cli   'run',
1 verbose cli   'dev' ]
2 info using npm@4.1.2
3 info using node@v7.7.4
4 verbose run-script [ 'predev', 'dev', 'postdev' ]
5 info lifecycle htsec-yxjfh5@0.0.1~predev: htsec-yxjfh5@0.0.1
6 silly lifecycle htsec-yxjfh5@0.0.1~predev: no script for predev, continuing
7 info lifecycle htsec-yxjfh5@0.0.1~dev: htsec-yxjfh5@0.0.1
8 verbose lifecycle htsec-yxjfh5@0.0.1~dev: unsafe-perm in lifecycle true
9 verbose lifecycle htsec-yxjfh5@0.0.1~dev: PATH: E:\soft\nodejs\node_modules\npm\bin\node-gyp-bin;D:\workspace\react\antdesign-01\node_modules\.bin;C:\ProgramData\Oracle\Java\javapath;C:\Ruby22-x64\bin;C:\windows\system32;C:\windows;C:\windows\System32\Wbem;C:\windows\System32\WindowsPowerShell\v1.0\;E:\soft\git\Git\cmd;E:\soft\nodejs\;C:\Users\Administrator\AppData\Local\Microsoft\WindowsApps;E:\soft\vscode\Microsoft VS Code\bin;D:\tools\jdk\jdk8\bin;D:\tools\jdk\jdk8\jre\bin;C:\Users\Administrator\AppData\Roaming\npm
10 verbose lifecycle htsec-yxjfh5@0.0.1~dev: CWD: D:\workspace\react\antdesign-01
11 silly lifecycle htsec-yxjfh5@0.0.1~dev: Args: [ '/d /s /c',
11 silly lifecycle   'webpack-dev-server --mode development --config webpack.dev.js --host 0.0.0.0' ]
12 verbose stack Error: kill ENOSYS
12 verbose stack     at exports._errnoException (util.js:1034:11)
12 verbose stack     at process.kill (internal/process.js:188:13)
12 verbose stack     at process.listener (E:\soft\nodejs\node_modules\npm\node_modules\npmlog\node_modules\gauge\node_modules\signal-exit\index.js:95:15)
12 verbose stack     at emitNone (events.js:86:13)
12 verbose stack     at process.emit (events.js:188:7)
12 verbose stack     at processEmit (E:\soft\nodejs\node_modules\npm\node_modules\npmlog\node_modules\gauge\node_modules\signal-exit\index.js:155:32)
12 verbose stack     at Signal.wrap.onsignal (internal/process.js:215:44)
13 verbose cwd D:\workspace\react\antdesign-01
14 error Windows_NT 10.0.14393
15 error argv "E:\\soft\\nodejs\\node.exe" "E:\\soft\\nodejs\\node_modules\\npm\\bin\\npm-cli.js" "run" "dev"
16 error node v7.7.4
17 error npm  v4.1.2
18 error code ENOSYS
19 error errno ENOSYS
20 error syscall kill
21 error kill ENOSYS
22 error If you need help, you may report this error at:
22 error     <https://github.com/npm/npm/issues>
23 verbose exit [ 1, true ]
